2020-08-06 04:54:45,953 — api.controller — ERROR —predict:81 — Exception on Flask server (predict function): make_prediction() got an unexpected keyword argument 'output_path' 
                 traceback: Traceback (most recent call last):
  File "/home/aikauel/enap/aerialnet_project/packages/ml_api/api/controller.py", line 73, in predict
    response_data = make_prediction(image_bytes.content, imgURL=img_url, generateOutputImg=generateOutputImg, output_path=outputImgPath)
TypeError: make_prediction() got an unexpected keyword argument 'output_path'
Traceback (most recent call last):
  File "/home/aikauel/enap/aerialnet_project/packages/ml_api/api/controller.py", line 73, in predict
    response_data = make_prediction(image_bytes.content, imgURL=img_url, generateOutputImg=generateOutputImg, output_path=outputImgPath)
TypeError: make_prediction() got an unexpected keyword argument 'output_path'
2020-08-06 09:52:30,372 — api.controller — ERROR —predict:81 — Exception on Flask server (predict function): <_InactiveRpcError of RPC that terminated with:
	status = StatusCode.DEADLINE_EXCEEDED
	details = "Deadline Exceeded"
	debug_error_string = "{"created":"@1596707550.370924430","description":"Error received from peer ipv4:127.0.0.1:8500","file":"src/core/lib/surface/call.cc","file_line":1055,"grpc_message":"Deadline Exceeded","grpc_status":4}"
> 
                 traceback: Traceback (most recent call last):
  File "/home/enap_vm/aerialnet/packages/ml_api/api/controller.py", line 73, in predict
    response_data = make_prediction(image_bytes.content, imgURL=img_url, generateOutputImg=generateOutputImg, outputPath=outputImgPath)
  File "/data/anaconda/envs/aerialnet_env/lib/python3.6/site-packages/aerialnet-0.1.3-py3.6.egg/aerialnet/predict.py", line 54, in make_prediction
    result = grpcStub.Predict(request, 20.0)  # 10 secs timeout
  File "/data/anaconda/envs/aerialnet_env/lib/python3.6/site-packages/grpcio-1.30.0-py3.6-linux-x86_64.egg/grpc/_channel.py", line 826, in __call__
    return _end_unary_response_blocking(state, call, False, None)
  File "/data/anaconda/envs/aerialnet_env/lib/python3.6/site-packages/grpcio-1.30.0-py3.6-linux-x86_64.egg/grpc/_channel.py", line 729, in _end_unary_response_blocking
    raise _InactiveRpcError(state)
grpc._channel._InactiveRpcError: <_InactiveRpcError of RPC that terminated with:
	status = StatusCode.DEADLINE_EXCEEDED
	details = "Deadline Exceeded"
	debug_error_string = "{"created":"@1596707550.370924430","description":"Error received from peer ipv4:127.0.0.1:8500","file":"src/core/lib/surface/call.cc","file_line":1055,"grpc_message":"Deadline Exceeded","grpc_status":4}"
>
Traceback (most recent call last):
  File "/home/enap_vm/aerialnet/packages/ml_api/api/controller.py", line 73, in predict
    response_data = make_prediction(image_bytes.content, imgURL=img_url, generateOutputImg=generateOutputImg, outputPath=outputImgPath)
  File "/data/anaconda/envs/aerialnet_env/lib/python3.6/site-packages/aerialnet-0.1.3-py3.6.egg/aerialnet/predict.py", line 54, in make_prediction
    result = grpcStub.Predict(request, 20.0)  # 10 secs timeout
  File "/data/anaconda/envs/aerialnet_env/lib/python3.6/site-packages/grpcio-1.30.0-py3.6-linux-x86_64.egg/grpc/_channel.py", line 826, in __call__
    return _end_unary_response_blocking(state, call, False, None)
  File "/data/anaconda/envs/aerialnet_env/lib/python3.6/site-packages/grpcio-1.30.0-py3.6-linux-x86_64.egg/grpc/_channel.py", line 729, in _end_unary_response_blocking
    raise _InactiveRpcError(state)
grpc._channel._InactiveRpcError: <_InactiveRpcError of RPC that terminated with:
	status = StatusCode.DEADLINE_EXCEEDED
	details = "Deadline Exceeded"
	debug_error_string = "{"created":"@1596707550.370924430","description":"Error received from peer ipv4:127.0.0.1:8500","file":"src/core/lib/surface/call.cc","file_line":1055,"grpc_message":"Deadline Exceeded","grpc_status":4}"
>
2020-08-06 11:02:00,883 — api.controller — WARNING —predict:67 — Incorrect path for output image /home/aikauel/enap/aerialnet_project/packages/ml_api/outputs/DJI_0436.JPG
2020-08-06 11:02:01,833 — api.controller — ERROR —predict:81 — Exception on Flask server (predict function): <_InactiveRpcError of RPC that terminated with:
	status = StatusCode.UNAVAILABLE
	details = "Socket closed"
	debug_error_string = "{"created":"@1596726121.826363655","description":"Error received from peer ipv4:127.0.0.1:8500","file":"src/core/lib/surface/call.cc","file_line":1055,"grpc_message":"Socket closed","grpc_status":14}"
> 
                 traceback: Traceback (most recent call last):
  File "/home/aikauel/enap/aerialnet_project/packages/ml_api/api/controller.py", line 73, in predict
    response_data = make_prediction(image_bytes.content, imgURL=img_url, generateOutputImg=generateOutputImg, outputPath=outputImgPath)
  File "/home/aikauel/anaconda3/envs/aerialnet_env/lib/python3.6/site-packages/aerialnet-0.1.2-py3.6.egg/aerialnet/predict.py", line 54, in make_prediction
    result = grpcStub.Predict(request, 20.0)  # 10 secs timeout
  File "/home/aikauel/anaconda3/envs/aerialnet_env/lib/python3.6/site-packages/grpcio-1.30.0-py3.6-linux-x86_64.egg/grpc/_channel.py", line 826, in __call__
    return _end_unary_response_blocking(state, call, False, None)
  File "/home/aikauel/anaconda3/envs/aerialnet_env/lib/python3.6/site-packages/grpcio-1.30.0-py3.6-linux-x86_64.egg/grpc/_channel.py", line 729, in _end_unary_response_blocking
    raise _InactiveRpcError(state)
grpc._channel._InactiveRpcError: <_InactiveRpcError of RPC that terminated with:
	status = StatusCode.UNAVAILABLE
	details = "Socket closed"
	debug_error_string = "{"created":"@1596726121.826363655","description":"Error received from peer ipv4:127.0.0.1:8500","file":"src/core/lib/surface/call.cc","file_line":1055,"grpc_message":"Socket closed","grpc_status":14}"
>
Traceback (most recent call last):
  File "/home/aikauel/enap/aerialnet_project/packages/ml_api/api/controller.py", line 73, in predict
    response_data = make_prediction(image_bytes.content, imgURL=img_url, generateOutputImg=generateOutputImg, outputPath=outputImgPath)
  File "/home/aikauel/anaconda3/envs/aerialnet_env/lib/python3.6/site-packages/aerialnet-0.1.2-py3.6.egg/aerialnet/predict.py", line 54, in make_prediction
    result = grpcStub.Predict(request, 20.0)  # 10 secs timeout
  File "/home/aikauel/anaconda3/envs/aerialnet_env/lib/python3.6/site-packages/grpcio-1.30.0-py3.6-linux-x86_64.egg/grpc/_channel.py", line 826, in __call__
    return _end_unary_response_blocking(state, call, False, None)
  File "/home/aikauel/anaconda3/envs/aerialnet_env/lib/python3.6/site-packages/grpcio-1.30.0-py3.6-linux-x86_64.egg/grpc/_channel.py", line 729, in _end_unary_response_blocking
    raise _InactiveRpcError(state)
grpc._channel._InactiveRpcError: <_InactiveRpcError of RPC that terminated with:
	status = StatusCode.UNAVAILABLE
	details = "Socket closed"
	debug_error_string = "{"created":"@1596726121.826363655","description":"Error received from peer ipv4:127.0.0.1:8500","file":"src/core/lib/surface/call.cc","file_line":1055,"grpc_message":"Socket closed","grpc_status":14}"
>
2020-08-06 11:22:59,880 — api.controller — WARNING —predict:67 — Incorrect path for output image /home/aikauel/enap/aerialnet_project/packages/ml_api/outputs/DJI_0436.JPG
2020-08-06 11:33:31,937 — api.controller — ERROR —predict:81 — Exception on Flask server (predict function): too many values to unpack (expected 2) 
                 traceback: Traceback (most recent call last):
  File "/home/aikauel/enap/aerialnet_project/packages/ml_api/api/controller.py", line 73, in predict
    response_data = make_prediction(image_bytes.content, imgURL=img_url, generateOutputImg=generateOutputImg, outputPath=outputImgPath)
  File "/home/aikauel/anaconda3/envs/aerialnet_env/lib/python3.6/site-packages/aerialnet-0.1.4-py3.6.egg/aerialnet/predict.py", line 60, in make_prediction
    response_data, outputImg = parse_predictions(result, config.FONT, config.FONTSIZE, config.LABELS, cvImg)
ValueError: too many values to unpack (expected 2)
Traceback (most recent call last):
  File "/home/aikauel/enap/aerialnet_project/packages/ml_api/api/controller.py", line 73, in predict
    response_data = make_prediction(image_bytes.content, imgURL=img_url, generateOutputImg=generateOutputImg, outputPath=outputImgPath)
  File "/home/aikauel/anaconda3/envs/aerialnet_env/lib/python3.6/site-packages/aerialnet-0.1.4-py3.6.egg/aerialnet/predict.py", line 60, in make_prediction
    response_data, outputImg = parse_predictions(result, config.FONT, config.FONTSIZE, config.LABELS, cvImg)
ValueError: too many values to unpack (expected 2)
2020-08-06 11:35:07,789 — api.controller — ERROR —predict:81 — Exception on Flask server (predict function): OpenCV(4.3.0) /io/opencv/modules/imgcodecs/src/loadsave.cpp:738: error: (-215:Assertion failed) !_img.empty() in function 'imwrite'
 
                 traceback: Traceback (most recent call last):
  File "/home/aikauel/enap/aerialnet_project/packages/ml_api/api/controller.py", line 73, in predict
    response_data = make_prediction(image_bytes.content, imgURL=img_url, generateOutputImg=generateOutputImg, outputPath=outputImgPath)
  File "/home/aikauel/anaconda3/envs/aerialnet_env/lib/python3.6/site-packages/aerialnet-0.1.4-py3.6.egg/aerialnet/predict.py", line 61, in make_prediction
    cv2.imwrite(outputPath, outputImg)
cv2.error: OpenCV(4.3.0) /io/opencv/modules/imgcodecs/src/loadsave.cpp:738: error: (-215:Assertion failed) !_img.empty() in function 'imwrite'

Traceback (most recent call last):
  File "/home/aikauel/enap/aerialnet_project/packages/ml_api/api/controller.py", line 73, in predict
    response_data = make_prediction(image_bytes.content, imgURL=img_url, generateOutputImg=generateOutputImg, outputPath=outputImgPath)
  File "/home/aikauel/anaconda3/envs/aerialnet_env/lib/python3.6/site-packages/aerialnet-0.1.4-py3.6.egg/aerialnet/predict.py", line 61, in make_prediction
    cv2.imwrite(outputPath, outputImg)
cv2.error: OpenCV(4.3.0) /io/opencv/modules/imgcodecs/src/loadsave.cpp:738: error: (-215:Assertion failed) !_img.empty() in function 'imwrite'

2020-08-06 17:27:09,423 — api.controller — INFO —predict:39 — New prediction request
2020-08-06 17:27:09,424 — api.controller — INFO —predict:58 — Getting image https://droneimagesstorage.blob.core.windows.net/dronblob/antoniojosesolano2012@gmail.com/2020/08/06/2020-08-06_13:53:38-3749377-DJI_0334.jpg from blob storage
2020-08-06 17:27:11,779 — api.controller — ERROR —predict:81 — Exception on Flask server (predict function): image file is truncated (0 bytes not processed) 
                 traceback: Traceback (most recent call last):
  File "/home/aikauel/enap/aerialnet_project/packages/ml_api/api/controller.py", line 73, in predict
    response_data = make_prediction(image_bytes.content, imgURL=img_url, generateOutputImg=generateOutputImg, outputPath=outputImgPath)
  File "/home/aikauel/anaconda3/envs/aerialnet_env/lib/python3.6/site-packages/aerialnet-0.1.4-py3.6.egg/aerialnet/predict.py", line 40, in make_prediction
    pilImg.save(img_path)
  File "/home/aikauel/anaconda3/envs/aerialnet_env/lib/python3.6/site-packages/Pillow-7.2.0-py3.6-linux-x86_64.egg/PIL/Image.py", line 2124, in save
    self._ensure_mutable()
  File "/home/aikauel/anaconda3/envs/aerialnet_env/lib/python3.6/site-packages/Pillow-7.2.0-py3.6-linux-x86_64.egg/PIL/Image.py", line 618, in _ensure_mutable
    self._copy()
  File "/home/aikauel/anaconda3/envs/aerialnet_env/lib/python3.6/site-packages/Pillow-7.2.0-py3.6-linux-x86_64.egg/PIL/Image.py", line 611, in _copy
    self.load()
  File "/home/aikauel/anaconda3/envs/aerialnet_env/lib/python3.6/site-packages/Pillow-7.2.0-py3.6-linux-x86_64.egg/PIL/ImageFile.py", line 257, in load
    "(%d bytes not processed)" % len(b)
OSError: image file is truncated (0 bytes not processed)
Traceback (most recent call last):
  File "/home/aikauel/enap/aerialnet_project/packages/ml_api/api/controller.py", line 73, in predict
    response_data = make_prediction(image_bytes.content, imgURL=img_url, generateOutputImg=generateOutputImg, outputPath=outputImgPath)
  File "/home/aikauel/anaconda3/envs/aerialnet_env/lib/python3.6/site-packages/aerialnet-0.1.4-py3.6.egg/aerialnet/predict.py", line 40, in make_prediction
    pilImg.save(img_path)
  File "/home/aikauel/anaconda3/envs/aerialnet_env/lib/python3.6/site-packages/Pillow-7.2.0-py3.6-linux-x86_64.egg/PIL/Image.py", line 2124, in save
    self._ensure_mutable()
  File "/home/aikauel/anaconda3/envs/aerialnet_env/lib/python3.6/site-packages/Pillow-7.2.0-py3.6-linux-x86_64.egg/PIL/Image.py", line 618, in _ensure_mutable
    self._copy()
  File "/home/aikauel/anaconda3/envs/aerialnet_env/lib/python3.6/site-packages/Pillow-7.2.0-py3.6-linux-x86_64.egg/PIL/Image.py", line 611, in _copy
    self.load()
  File "/home/aikauel/anaconda3/envs/aerialnet_env/lib/python3.6/site-packages/Pillow-7.2.0-py3.6-linux-x86_64.egg/PIL/ImageFile.py", line 257, in load
    "(%d bytes not processed)" % len(b)
OSError: image file is truncated (0 bytes not processed)
2020-08-06 17:31:55,277 — api.controller — INFO —predict:39 — New prediction request
2020-08-06 17:31:55,280 — api.controller — INFO —predict:58 — Getting image https://droneimagesstorage.blob.core.windows.net/dronblob/antoniojosesolano2012@gmail.com/2020/08/06/2020-08-06_13:53:38-3749377-DJI_0334.jpg from blob storage
2020-08-06 18:22:51,376 — api.controller — INFO —predict:39 — New prediction request
2020-08-06 18:22:51,378 — api.controller — INFO —predict:58 — Getting image https://droneimagesstorage.blob.core.windows.net/dronblob/antoniojosesolano2012@gmail.com/2020/08/06/2020-08-06_13:53:38-3749377-DJI_0334.jpg from blob storage
2020-08-06 19:38:00,260 — api.controller — INFO —predict:41 — New prediction request
2020-08-06 19:38:00,262 — api.controller — INFO —predict:60 — Getting image https://droneimagesstorage.blob.core.windows.net/dronblob/antoniojosesolano2012@gmail.com/2020/08/06/2020-08-06_13:53:38-3749377-DJI_0334.jpg from blob storage
2020-08-06 19:38:51,803 — api.controller — INFO —predict:41 — New prediction request
2020-08-06 19:38:51,804 — api.controller — INFO —predict:60 — Getting image https://droneimagesstorage.blob.core.windows.net/dronblob/luis.pirela@kauel.com/2020/08/06/DJI_0436.JPG from blob storage
2020-08-06 19:39:11,775 — api.controller — INFO —predict:41 — New prediction request
2020-08-06 19:39:11,776 — api.controller — INFO —predict:60 — Getting image https://droneimagesstorage.blob.core.windows.net/avionimagefiles/2020-06-01_13-54-40_GPS.jpg from blob storage
2020-08-06 19:44:54,437 — api.controller — INFO —predict:41 — New prediction request
2020-08-06 19:44:54,440 — api.controller — INFO —predict:60 — Getting image https://droneimagesstorage.blob.core.windows.net/avionimagefiles/2020-06-01_13-54-40_GPS.jpg from blob storage
2020-08-06 20:14:25,939 — api.controller — INFO —predict:41 — New prediction request
2020-08-06 20:14:25,942 — api.controller — INFO —predict:60 — Getting image https://droneimagesstorage.blob.core.windows.net/avionimagefiles/2020-06-01_13-54-40_GPS.jpg from blob storage
2020-08-06 20:14:31,052 — api.controller — INFO —make_prediction:69 — Predicting image https://droneimagesstorage.blob.core.windows.net/avionimagefiles/2020-06-01_13-54-40_GPS.jpg with model version: 0.1.5 Processing time: 2.83 secondsParsing time: 0.37 secondsPredictions: {'success': True, 'predictions': [{'label': 'Techo', 'score': 92, 'x1': 4713, 'y1': 2276, 'x2': 5052, 'y2': 2620, 'xc': 4882, 'yc': 2448}, {'label': 'Techo', 'score': 83, 'x1': 5432, 'y1': 31, 'x2': 5787, 'y2': 425, 'xc': 5609, 'yc': 228}, {'label': 'Pickup', 'score': 81, 'x1': 2980, 'y1': 2794, 'x2': 3099, 'y2': 2925, 'xc': 3039, 'yc': 2859}, {'label': 'Techo', 'score': 79, 'x1': 4905, 'y1': 671, 'x2': 5119, 'y2': 913, 'xc': 5012, 'yc': 792}, {'label': 'Techo', 'score': 79, 'x1': 4208, 'y1': 2950, 'x2': 4629, 'y2': 3392, 'xc': 4418, 'yc': 3171}, {'label': 'Vehículo', 'score': 79, 'x1': 2599, 'y1': 3756, 'x2': 2677, 'y2': 3870, 'xc': 2638, 'yc': 3813}, {'label': 'Pickup', 'score': 78, 'x1': 3179, 'y1': 3188, 'x2': 3269, 'y2': 3328, 'xc': 3224, 'yc': 3258}, {'label': 'Vehículo', 'score': 78, 'x1': 3885, 'y1': 3278, 'x2': 3993, 'y2': 3390, 'xc': 3939, 'yc': 3334}, {'label': 'Techo', 'score': 76, 'x1': 3378, 'y1': 2950, 'x2': 3742, 'y2': 3285, 'xc': 3560, 'yc': 3117}, {'label': 'Techo', 'score': 76, 'x1': 4959, 'y1': 340, 'x2': 5436, 'y2': 775, 'xc': 5197, 'yc': 557}, {'label': 'Pickup', 'score': 70, 'x1': 3839, 'y1': 2198, 'x2': 3949, 'y2': 2314, 'xc': 3894, 'yc': 2256}, {'label': 'Techo', 'score': 69, 'x1': 5595, 'y1': 357, 'x2': 5999, 'y2': 795, 'xc': 5797, 'yc': 576}, {'label': 'Pickup', 'score': 69, 'x1': 3625, 'y1': 3205, 'x2': 3744, 'y2': 3335, 'xc': 3684, 'yc': 3270}, {'label': 'Techo', 'score': 68, 'x1': 3856, 'y1': 3539, 'x2': 4583, 'y2': 3999, 'xc': 4219, 'yc': 3769}, {'label': 'Techo', 'score': 67, 'x1': 1436, 'y1': 3358, 'x2': 1800, 'y2': 3699, 'xc': 1618, 'yc': 3528}, {'label': 'Pickup', 'score': 67, 'x1': 3867, 'y1': 1757, 'x2': 3982, 'y2': 1889, 'xc': 3924, 'yc': 1823}, {'label': 'Vehículo', 'score': 67, 'x1': 3975, 'y1': 3303, 'x2': 4079, 'y2': 3403, 'xc': 4027, 'yc': 3353}, {'label': 'Techo', 'score': 64, 'x1': 5340, 'y1': 2802, 'x2': 5639, 'y2': 3172, 'xc': 5489, 'yc': 2987}, {'label': 'Techo', 'score': 63, 'x1': 4003, 'y1': 1768, 'x2': 4498, 'y2': 2269, 'xc': 4250, 'yc': 2018}, {'label': 'Techo', 'score': 63, 'x1': 1949, 'y1': 3245, 'x2': 2185, 'y2': 3497, 'xc': 2067, 'yc': 3371}, {'label': 'Vehículo', 'score': 60, 'x1': 2224, 'y1': 3752, 'x2': 2318, 'y2': 3867, 'xc': 2271, 'yc': 3809}, {'label': 'Vehículo', 'score': 60, 'x1': 5952, 'y1': 2733, 'x2': 5999, 'y2': 2792, 'xc': 5975, 'yc': 2762}, {'label': 'Techo', 'score': 60, 'x1': 5166, 'y1': 87, 'x2': 5567, 'y2': 488, 'xc': 5366, 'yc': 287}, {'label': 'Techo', 'score': 58, 'x1': 3697, 'y1': 2507, 'x2': 4049, 'y2': 2894, 'xc': 3873, 'yc': 2700}, {'label': 'Techo', 'score': 57, 'x1': 4425, 'y1': 2726, 'x2': 4592, 'y2': 2914, 'xc': 4508, 'yc': 2820}, {'label': 'Techo', 'score': 56, 'x1': 5752, 'y1': 567, 'x2': 5999, 'y2': 1043, 'xc': 5875, 'yc': 805}, {'label': 'Pickup', 'score': 55, 'x1': 2316, 'y1': 3607, 'x2': 2451, 'y2': 3736, 'xc': 2383, 'yc': 3671}, {'label': 'Techo', 'score': 55, 'x1': 1722, 'y1': 3515, 'x2': 2116, 'y2': 3999, 'xc': 1919, 'yc': 3757}, {'label': 'Carga', 'score': 54, 'x1': 4093, 'y1': 2700, 'x2': 4282, 'y2': 2882, 'xc': 4187, 'yc': 2791}, {'label': 'Techo', 'score': 53, 'x1': 4025, 'y1': 2338, 'x2': 4136, 'y2': 2455, 'xc': 4080, 'yc': 2396}, {'label': 'Camión', 'score': 52, 'x1': 5646, 'y1': 2677, 'x2': 5848, 'y2': 2893, 'xc': 5747, 'yc': 2785}, {'label': 'Techo', 'score': 52, 'x1': 5273, 'y1': 53, 'x2': 5685, 'y2': 455, 'xc': 5479, 'yc': 254}, {'label': 'Techo', 'score': 52, 'x1': 861, 'y1': 2574, 'x2': 978, 'y2': 2678, 'xc': 919, 'yc': 2626}, {'label': 'Camión', 'score': 52, 'x1': 3010, 'y1': 3883, 'x2': 3141, 'y2': 3999, 'xc': 3075, 'yc': 3941}, {'label': 'Carga', 'score': 51, 'x1': 4037, 'y1': 2514, 'x2': 4223, 'y2': 2684, 'xc': 4130, 'yc': 2599}, {'label': 'Techo', 'score': 51, 'x1': 5419, 'y1': 316, 'x2': 5619, 'y2': 512, 'xc': 5519, 'yc': 414}, {'label': 'Techo', 'score': 48, 'x1': 4065, 'y1': 2777, 'x2': 4264, 'y2': 2984, 'xc': 4164, 'yc': 2880}, {'label': 'Techo', 'score': 48, 'x1': 3940, 'y1': 1841, 'x2': 4319, 'y2': 2241, 'xc': 4129, 'yc': 2041}, {'label': 'Techo', 'score': 48, 'x1': 852, 'y1': 2607, 'x2': 981, 'y2': 2717, 'xc': 916, 'yc': 2662}, {'label': 'Techo', 'score': 48, 'x1': 2079, 'y1': 3476, 'x2': 2453, 'y2': 3897, 'xc': 2266, 'yc': 3686}, {'label': 'Carga', 'score': 47, 'x1': 3026, 'y1': 3910, 'x2': 3138, 'y2': 3999, 'xc': 3082, 'yc': 3954}, {'label': 'Techo', 'score': 46, 'x1': 3276, 'y1': 3641, 'x2': 3414, 'y2': 3832, 'xc': 3345, 'yc': 3736}, {'label': 'Techo', 'score': 45, 'x1': 4352, 'y1': 1935, 'x2': 4582, 'y2': 2174, 'xc': 4467, 'yc': 2054}, {'label': 'Camión', 'score': 43, 'x1': 4062, 'y1': 2665, 'x2': 4293, 'y2': 2887, 'xc': 4177, 'yc': 2776}, {'label': 'Camión', 'score': 42, 'x1': 4040, 'y1': 2512, 'x2': 4228, 'y2': 2683, 'xc': 4134, 'yc': 2597}, {'label': 'Vehículo', 'score': 40, 'x1': 3838, 'y1': 2236, 'x2': 3945, 'y2': 2351, 'xc': 3891, 'yc': 2293}, {'label': 'Carga', 'score': 40, 'x1': 5676, 'y1': 2725, 'x2': 5826, 'y2': 2884, 'xc': 5751, 'yc': 2804}, {'label': 'Vehículo', 'score': 39, 'x1': 4102, 'y1': 2473, 'x2': 4178, 'y2': 2545, 'xc': 4140, 'yc': 2509}, {'label': 'Techo', 'score': 38, 'x1': 5606, 'y1': 519, 'x2': 5820, 'y2': 754, 'xc': 5713, 'yc': 636}, {'label': 'Techo', 'score': 37, 'x1': 2212, 'y1': 1826, 'x2': 2322, 'y2': 1945, 'xc': 2267, 'yc': 1885}, {'label': 'Techo', 'score': 37, 'x1': 4152, 'y1': 1852, 'x2': 4581, 'y2': 2226, 'xc': 4366, 'yc': 2039}, {'label': 'Vehículo', 'score': 36, 'x1': 3891, 'y1': 2236, 'x2': 3984, 'y2': 2342, 'xc': 3937, 'yc': 2289}]}
2020-08-06 20:18:04,606 — api.controller — INFO —predict:41 — New prediction request
2020-08-06 20:18:04,609 — api.controller — INFO —predict:60 — Getting image https://droneimagesstorage.blob.core.windows.net/avionimagefiles/2020-06-01_13-54-40_GPS.jpg from blob storage
2020-08-06 20:18:09,662 — api.controller — INFO —make_prediction:69 — Predicting image https://droneimagesstorage.blob.core.windows.net/avionimagefiles/2020-06-01_13-54-40_GPS.jpg with model version: 0.1.5 Processing time: 2.83 secondsParsing time: 0.36 secondsPredictions: {'success': True, 'predictions': [{'label': 'Techo', 'score': 92, 'x1': 4713, 'y1': 2276, 'x2': 5052, 'y2': 2620, 'xc': 4882, 'yc': 2448}, {'label': 'Techo', 'score': 83, 'x1': 5432, 'y1': 31, 'x2': 5787, 'y2': 425, 'xc': 5609, 'yc': 228}, {'label': 'Pickup', 'score': 81, 'x1': 2980, 'y1': 2794, 'x2': 3099, 'y2': 2925, 'xc': 3039, 'yc': 2859}, {'label': 'Techo', 'score': 79, 'x1': 4905, 'y1': 671, 'x2': 5119, 'y2': 913, 'xc': 5012, 'yc': 792}, {'label': 'Techo', 'score': 79, 'x1': 4208, 'y1': 2950, 'x2': 4629, 'y2': 3392, 'xc': 4418, 'yc': 3171}, {'label': 'Vehículo', 'score': 79, 'x1': 2599, 'y1': 3756, 'x2': 2677, 'y2': 3870, 'xc': 2638, 'yc': 3813}, {'label': 'Pickup', 'score': 78, 'x1': 3179, 'y1': 3188, 'x2': 3269, 'y2': 3328, 'xc': 3224, 'yc': 3258}, {'label': 'Vehículo', 'score': 78, 'x1': 3885, 'y1': 3278, 'x2': 3993, 'y2': 3390, 'xc': 3939, 'yc': 3334}, {'label': 'Techo', 'score': 76, 'x1': 3378, 'y1': 2950, 'x2': 3742, 'y2': 3285, 'xc': 3560, 'yc': 3117}, {'label': 'Techo', 'score': 76, 'x1': 4959, 'y1': 340, 'x2': 5436, 'y2': 775, 'xc': 5197, 'yc': 557}, {'label': 'Pickup', 'score': 70, 'x1': 3839, 'y1': 2198, 'x2': 3949, 'y2': 2314, 'xc': 3894, 'yc': 2256}, {'label': 'Techo', 'score': 69, 'x1': 5595, 'y1': 357, 'x2': 5999, 'y2': 795, 'xc': 5797, 'yc': 576}, {'label': 'Pickup', 'score': 69, 'x1': 3625, 'y1': 3205, 'x2': 3744, 'y2': 3335, 'xc': 3684, 'yc': 3270}, {'label': 'Techo', 'score': 68, 'x1': 3856, 'y1': 3539, 'x2': 4583, 'y2': 3999, 'xc': 4219, 'yc': 3769}, {'label': 'Techo', 'score': 67, 'x1': 1436, 'y1': 3358, 'x2': 1800, 'y2': 3699, 'xc': 1618, 'yc': 3528}, {'label': 'Pickup', 'score': 67, 'x1': 3867, 'y1': 1757, 'x2': 3982, 'y2': 1889, 'xc': 3924, 'yc': 1823}, {'label': 'Vehículo', 'score': 67, 'x1': 3975, 'y1': 3303, 'x2': 4079, 'y2': 3403, 'xc': 4027, 'yc': 3353}, {'label': 'Techo', 'score': 64, 'x1': 5340, 'y1': 2802, 'x2': 5639, 'y2': 3172, 'xc': 5489, 'yc': 2987}, {'label': 'Techo', 'score': 63, 'x1': 4003, 'y1': 1768, 'x2': 4498, 'y2': 2269, 'xc': 4250, 'yc': 2018}, {'label': 'Techo', 'score': 63, 'x1': 1949, 'y1': 3245, 'x2': 2185, 'y2': 3497, 'xc': 2067, 'yc': 3371}, {'label': 'Vehículo', 'score': 60, 'x1': 2224, 'y1': 3752, 'x2': 2318, 'y2': 3867, 'xc': 2271, 'yc': 3809}, {'label': 'Vehículo', 'score': 60, 'x1': 5952, 'y1': 2733, 'x2': 5999, 'y2': 2792, 'xc': 5975, 'yc': 2762}, {'label': 'Techo', 'score': 60, 'x1': 5166, 'y1': 87, 'x2': 5567, 'y2': 488, 'xc': 5366, 'yc': 287}, {'label': 'Techo', 'score': 58, 'x1': 3697, 'y1': 2507, 'x2': 4049, 'y2': 2894, 'xc': 3873, 'yc': 2700}, {'label': 'Techo', 'score': 57, 'x1': 4425, 'y1': 2726, 'x2': 4592, 'y2': 2914, 'xc': 4508, 'yc': 2820}, {'label': 'Techo', 'score': 56, 'x1': 5752, 'y1': 567, 'x2': 5999, 'y2': 1043, 'xc': 5875, 'yc': 805}, {'label': 'Pickup', 'score': 55, 'x1': 2316, 'y1': 3607, 'x2': 2451, 'y2': 3736, 'xc': 2383, 'yc': 3671}, {'label': 'Techo', 'score': 55, 'x1': 1722, 'y1': 3515, 'x2': 2116, 'y2': 3999, 'xc': 1919, 'yc': 3757}, {'label': 'Carga', 'score': 54, 'x1': 4093, 'y1': 2700, 'x2': 4282, 'y2': 2882, 'xc': 4187, 'yc': 2791}, {'label': 'Techo', 'score': 53, 'x1': 4025, 'y1': 2338, 'x2': 4136, 'y2': 2455, 'xc': 4080, 'yc': 2396}, {'label': 'Camión', 'score': 52, 'x1': 5646, 'y1': 2677, 'x2': 5848, 'y2': 2893, 'xc': 5747, 'yc': 2785}, {'label': 'Techo', 'score': 52, 'x1': 5273, 'y1': 53, 'x2': 5685, 'y2': 455, 'xc': 5479, 'yc': 254}, {'label': 'Techo', 'score': 52, 'x1': 861, 'y1': 2574, 'x2': 978, 'y2': 2678, 'xc': 919, 'yc': 2626}, {'label': 'Camión', 'score': 52, 'x1': 3010, 'y1': 3883, 'x2': 3141, 'y2': 3999, 'xc': 3075, 'yc': 3941}, {'label': 'Carga', 'score': 51, 'x1': 4037, 'y1': 2514, 'x2': 4223, 'y2': 2684, 'xc': 4130, 'yc': 2599}, {'label': 'Techo', 'score': 51, 'x1': 5419, 'y1': 316, 'x2': 5619, 'y2': 512, 'xc': 5519, 'yc': 414}, {'label': 'Techo', 'score': 48, 'x1': 4065, 'y1': 2777, 'x2': 4264, 'y2': 2984, 'xc': 4164, 'yc': 2880}, {'label': 'Techo', 'score': 48, 'x1': 3940, 'y1': 1841, 'x2': 4319, 'y2': 2241, 'xc': 4129, 'yc': 2041}, {'label': 'Techo', 'score': 48, 'x1': 852, 'y1': 2607, 'x2': 981, 'y2': 2717, 'xc': 916, 'yc': 2662}, {'label': 'Techo', 'score': 48, 'x1': 2079, 'y1': 3476, 'x2': 2453, 'y2': 3897, 'xc': 2266, 'yc': 3686}, {'label': 'Carga', 'score': 47, 'x1': 3026, 'y1': 3910, 'x2': 3138, 'y2': 3999, 'xc': 3082, 'yc': 3954}, {'label': 'Techo', 'score': 46, 'x1': 3276, 'y1': 3641, 'x2': 3414, 'y2': 3832, 'xc': 3345, 'yc': 3736}, {'label': 'Techo', 'score': 45, 'x1': 4352, 'y1': 1935, 'x2': 4582, 'y2': 2174, 'xc': 4467, 'yc': 2054}, {'label': 'Camión', 'score': 43, 'x1': 4062, 'y1': 2665, 'x2': 4293, 'y2': 2887, 'xc': 4177, 'yc': 2776}, {'label': 'Camión', 'score': 42, 'x1': 4040, 'y1': 2512, 'x2': 4228, 'y2': 2683, 'xc': 4134, 'yc': 2597}, {'label': 'Vehículo', 'score': 40, 'x1': 3838, 'y1': 2236, 'x2': 3945, 'y2': 2351, 'xc': 3891, 'yc': 2293}, {'label': 'Carga', 'score': 40, 'x1': 5676, 'y1': 2725, 'x2': 5826, 'y2': 2884, 'xc': 5751, 'yc': 2804}, {'label': 'Vehículo', 'score': 39, 'x1': 4102, 'y1': 2473, 'x2': 4178, 'y2': 2545, 'xc': 4140, 'yc': 2509}, {'label': 'Techo', 'score': 38, 'x1': 5606, 'y1': 519, 'x2': 5820, 'y2': 754, 'xc': 5713, 'yc': 636}, {'label': 'Techo', 'score': 37, 'x1': 2212, 'y1': 1826, 'x2': 2322, 'y2': 1945, 'xc': 2267, 'yc': 1885}, {'label': 'Techo', 'score': 37, 'x1': 4152, 'y1': 1852, 'x2': 4581, 'y2': 2226, 'xc': 4366, 'yc': 2039}, {'label': 'Vehículo', 'score': 36, 'x1': 3891, 'y1': 2236, 'x2': 3984, 'y2': 2342, 'xc': 3937, 'yc': 2289}]}
2020-08-06 20:18:44,573 — api.controller — INFO —predict:41 — New prediction request
2020-08-06 20:18:44,575 — api.controller — INFO —predict:60 — Getting image https://droneimagesstorage.blob.core.windows.net/avionimagefiles/2020-06-01_13-54-40_GPS.jpg from blob storage
2020-08-06 20:18:49,130 — api.controller — INFO —make_prediction:70 — Predicting image https://droneimagesstorage.blob.core.windows.net/avionimagefiles/2020-06-01_13-54-40_GPS.jpg with model version: 0.1.5 Processing time: 2.83 seconds Parsing time: 0.36 seconds Predictions: {'success': True, 'predictions': [{'label': 'Techo', 'score': 92, 'x1': 4713, 'y1': 2276, 'x2': 5052, 'y2': 2620, 'xc': 4882, 'yc': 2448}, {'label': 'Techo', 'score': 83, 'x1': 5432, 'y1': 31, 'x2': 5787, 'y2': 425, 'xc': 5609, 'yc': 228}, {'label': 'Pickup', 'score': 81, 'x1': 2980, 'y1': 2794, 'x2': 3099, 'y2': 2925, 'xc': 3039, 'yc': 2859}, {'label': 'Techo', 'score': 79, 'x1': 4905, 'y1': 671, 'x2': 5119, 'y2': 913, 'xc': 5012, 'yc': 792}, {'label': 'Techo', 'score': 79, 'x1': 4208, 'y1': 2950, 'x2': 4629, 'y2': 3392, 'xc': 4418, 'yc': 3171}, {'label': 'Vehículo', 'score': 79, 'x1': 2599, 'y1': 3756, 'x2': 2677, 'y2': 3870, 'xc': 2638, 'yc': 3813}, {'label': 'Pickup', 'score': 78, 'x1': 3179, 'y1': 3188, 'x2': 3269, 'y2': 3328, 'xc': 3224, 'yc': 3258}, {'label': 'Vehículo', 'score': 78, 'x1': 3885, 'y1': 3278, 'x2': 3993, 'y2': 3390, 'xc': 3939, 'yc': 3334}, {'label': 'Techo', 'score': 76, 'x1': 3378, 'y1': 2950, 'x2': 3742, 'y2': 3285, 'xc': 3560, 'yc': 3117}, {'label': 'Techo', 'score': 76, 'x1': 4959, 'y1': 340, 'x2': 5436, 'y2': 775, 'xc': 5197, 'yc': 557}, {'label': 'Pickup', 'score': 70, 'x1': 3839, 'y1': 2198, 'x2': 3949, 'y2': 2314, 'xc': 3894, 'yc': 2256}, {'label': 'Techo', 'score': 69, 'x1': 5595, 'y1': 357, 'x2': 5999, 'y2': 795, 'xc': 5797, 'yc': 576}, {'label': 'Pickup', 'score': 69, 'x1': 3625, 'y1': 3205, 'x2': 3744, 'y2': 3335, 'xc': 3684, 'yc': 3270}, {'label': 'Techo', 'score': 68, 'x1': 3856, 'y1': 3539, 'x2': 4583, 'y2': 3999, 'xc': 4219, 'yc': 3769}, {'label': 'Techo', 'score': 67, 'x1': 1436, 'y1': 3358, 'x2': 1800, 'y2': 3699, 'xc': 1618, 'yc': 3528}, {'label': 'Pickup', 'score': 67, 'x1': 3867, 'y1': 1757, 'x2': 3982, 'y2': 1889, 'xc': 3924, 'yc': 1823}, {'label': 'Vehículo', 'score': 67, 'x1': 3975, 'y1': 3303, 'x2': 4079, 'y2': 3403, 'xc': 4027, 'yc': 3353}, {'label': 'Techo', 'score': 64, 'x1': 5340, 'y1': 2802, 'x2': 5639, 'y2': 3172, 'xc': 5489, 'yc': 2987}, {'label': 'Techo', 'score': 63, 'x1': 4003, 'y1': 1768, 'x2': 4498, 'y2': 2269, 'xc': 4250, 'yc': 2018}, {'label': 'Techo', 'score': 63, 'x1': 1949, 'y1': 3245, 'x2': 2185, 'y2': 3497, 'xc': 2067, 'yc': 3371}, {'label': 'Vehículo', 'score': 60, 'x1': 2224, 'y1': 3752, 'x2': 2318, 'y2': 3867, 'xc': 2271, 'yc': 3809}, {'label': 'Vehículo', 'score': 60, 'x1': 5952, 'y1': 2733, 'x2': 5999, 'y2': 2792, 'xc': 5975, 'yc': 2762}, {'label': 'Techo', 'score': 60, 'x1': 5166, 'y1': 87, 'x2': 5567, 'y2': 488, 'xc': 5366, 'yc': 287}, {'label': 'Techo', 'score': 58, 'x1': 3697, 'y1': 2507, 'x2': 4049, 'y2': 2894, 'xc': 3873, 'yc': 2700}, {'label': 'Techo', 'score': 57, 'x1': 4425, 'y1': 2726, 'x2': 4592, 'y2': 2914, 'xc': 4508, 'yc': 2820}, {'label': 'Techo', 'score': 56, 'x1': 5752, 'y1': 567, 'x2': 5999, 'y2': 1043, 'xc': 5875, 'yc': 805}, {'label': 'Pickup', 'score': 55, 'x1': 2316, 'y1': 3607, 'x2': 2451, 'y2': 3736, 'xc': 2383, 'yc': 3671}, {'label': 'Techo', 'score': 55, 'x1': 1722, 'y1': 3515, 'x2': 2116, 'y2': 3999, 'xc': 1919, 'yc': 3757}, {'label': 'Carga', 'score': 54, 'x1': 4093, 'y1': 2700, 'x2': 4282, 'y2': 2882, 'xc': 4187, 'yc': 2791}, {'label': 'Techo', 'score': 53, 'x1': 4025, 'y1': 2338, 'x2': 4136, 'y2': 2455, 'xc': 4080, 'yc': 2396}, {'label': 'Camión', 'score': 52, 'x1': 5646, 'y1': 2677, 'x2': 5848, 'y2': 2893, 'xc': 5747, 'yc': 2785}, {'label': 'Techo', 'score': 52, 'x1': 5273, 'y1': 53, 'x2': 5685, 'y2': 455, 'xc': 5479, 'yc': 254}, {'label': 'Techo', 'score': 52, 'x1': 861, 'y1': 2574, 'x2': 978, 'y2': 2678, 'xc': 919, 'yc': 2626}, {'label': 'Camión', 'score': 52, 'x1': 3010, 'y1': 3883, 'x2': 3141, 'y2': 3999, 'xc': 3075, 'yc': 3941}, {'label': 'Carga', 'score': 51, 'x1': 4037, 'y1': 2514, 'x2': 4223, 'y2': 2684, 'xc': 4130, 'yc': 2599}, {'label': 'Techo', 'score': 51, 'x1': 5419, 'y1': 316, 'x2': 5619, 'y2': 512, 'xc': 5519, 'yc': 414}, {'label': 'Techo', 'score': 48, 'x1': 4065, 'y1': 2777, 'x2': 4264, 'y2': 2984, 'xc': 4164, 'yc': 2880}, {'label': 'Techo', 'score': 48, 'x1': 3940, 'y1': 1841, 'x2': 4319, 'y2': 2241, 'xc': 4129, 'yc': 2041}, {'label': 'Techo', 'score': 48, 'x1': 852, 'y1': 2607, 'x2': 981, 'y2': 2717, 'xc': 916, 'yc': 2662}, {'label': 'Techo', 'score': 48, 'x1': 2079, 'y1': 3476, 'x2': 2453, 'y2': 3897, 'xc': 2266, 'yc': 3686}, {'label': 'Carga', 'score': 47, 'x1': 3026, 'y1': 3910, 'x2': 3138, 'y2': 3999, 'xc': 3082, 'yc': 3954}, {'label': 'Techo', 'score': 46, 'x1': 3276, 'y1': 3641, 'x2': 3414, 'y2': 3832, 'xc': 3345, 'yc': 3736}, {'label': 'Techo', 'score': 45, 'x1': 4352, 'y1': 1935, 'x2': 4582, 'y2': 2174, 'xc': 4467, 'yc': 2054}, {'label': 'Camión', 'score': 43, 'x1': 4062, 'y1': 2665, 'x2': 4293, 'y2': 2887, 'xc': 4177, 'yc': 2776}, {'label': 'Camión', 'score': 42, 'x1': 4040, 'y1': 2512, 'x2': 4228, 'y2': 2683, 'xc': 4134, 'yc': 2597}, {'label': 'Vehículo', 'score': 40, 'x1': 3838, 'y1': 2236, 'x2': 3945, 'y2': 2351, 'xc': 3891, 'yc': 2293}, {'label': 'Carga', 'score': 40, 'x1': 5676, 'y1': 2725, 'x2': 5826, 'y2': 2884, 'xc': 5751, 'yc': 2804}, {'label': 'Vehículo', 'score': 39, 'x1': 4102, 'y1': 2473, 'x2': 4178, 'y2': 2545, 'xc': 4140, 'yc': 2509}, {'label': 'Techo', 'score': 38, 'x1': 5606, 'y1': 519, 'x2': 5820, 'y2': 754, 'xc': 5713, 'yc': 636}, {'label': 'Techo', 'score': 37, 'x1': 2212, 'y1': 1826, 'x2': 2322, 'y2': 1945, 'xc': 2267, 'yc': 1885}, {'label': 'Techo', 'score': 37, 'x1': 4152, 'y1': 1852, 'x2': 4581, 'y2': 2226, 'xc': 4366, 'yc': 2039}, {'label': 'Vehículo', 'score': 36, 'x1': 3891, 'y1': 2236, 'x2': 3984, 'y2': 2342, 'xc': 3937, 'yc': 2289}]} 
